[32m2026-03-27 15:28:19 +0100[0m - dagster - [34mDEBUG[0m - __ASSET_JOB - c6cdbf5a-4d00-46c2-a53f-5fee5a05f642 - 80513 - LOGS_CAPTURED - Started capturing logs in process (pid: 80513).
[32m2026-03-27 15:28:19 +0100[0m - dagster - [34mDEBUG[0m - __ASSET_JOB - c6cdbf5a-4d00-46c2-a53f-5fee5a05f642 - 80513 - taxi_zones_file - STEP_START - Started execution of step "taxi_zones_file".
[32m2026-03-27 15:28:23 +0100[0m - dagster - [34mERROR[0m - [31m__ASSET_JOB - c6cdbf5a-4d00-46c2-a53f-5fee5a05f642 - 80513 - taxi_zones_file - STEP_FAILURE - Execution of step "taxi_zones_file" failed.

dagster._core.errors.DagsterExecutionStepExecutionError: Error occurred while executing op "taxi_zones_file"::

AttributeError: module 'dagster_university.assets.constants' has no attribute 'constants'

Stack Trace:
  File "/home/babavos/tp_note/venv/lib/python3.12/site-packages/dagster/_core/execution/plan/utils.py", line 54, in op_execution_error_boundary
    yield
  File "/home/babavos/tp_note/venv/lib/python3.12/site-packages/dagster/_utils/__init__.py", line 473, in iterate_with_context
    next_output = next(iterator)
                  ^^^^^^^^^^^^^^
  File "/home/babavos/tp_note/venv/lib/python3.12/site-packages/dagster/_core/execution/plan/compute_generator.py", line 141, in _coerce_op_compute_fn_to_iterator
    result = invoke_compute_fn(
             ^^^^^^^^^^^^^^^^^^
  File "/home/babavos/tp_note/venv/lib/python3.12/site-packages/dagster/_core/execution/plan/compute_generator.py", line 129, in invoke_compute_fn
    return fn(context, **args_to_pass) if context_arg_provided else fn(**args_to_pass)
                                                                    ^^^^^^^^^^^^^^^^^^
  File "/home/babavos/tp_note/dagster_university/dagster_university/assets/trips.py", line 26, in taxi_zones_file
    with open(constants.constants.TAXI_ZONES_FILE_PATH, "wb") as output_file:
              ^^^^^^^^^^^^^^^^^^^
[0m
