[32m2026-03-28 00:42:55 +0100[0m - dagster - [34mDEBUG[0m - __ASSET_JOB_0 - 2158fba6-bca1-4155-bfe0-3d194bafd3d2 - 40683 - LOGS_CAPTURED - Started capturing logs in process (pid: 40683).
[32m2026-03-28 00:42:55 +0100[0m - dagster - [34mDEBUG[0m - __ASSET_JOB_0 - 2158fba6-bca1-4155-bfe0-3d194bafd3d2 - 40683 - adhoc_request - STEP_START - Started execution of step "adhoc_request".
[32m2026-03-28 00:42:55 +0100[0m - dagster - [34mERROR[0m - [31m__ASSET_JOB_0 - 2158fba6-bca1-4155-bfe0-3d194bafd3d2 - 40683 - adhoc_request - STEP_FAILURE - Execution of step "adhoc_request" failed.

dagster._core.errors.DagsterExecutionStepExecutionError: Error occurred while executing op "adhoc_request"::

_duckdb.CatalogException: Catalog Error: Table with name trips does not exist!
Did you mean "sqlite_temp_master"?

LINE 15:                 from trips
                              ^

Stack Trace:
  File "/home/babavos/tp_note/venv/lib/python3.12/site-packages/dagster/_core/execution/plan/utils.py", line 54, in op_execution_error_boundary
    yield
  File "/home/babavos/tp_note/venv/lib/python3.12/site-packages/dagster/_utils/__init__.py", line 473, in iterate_with_context
    next_output = next(iterator)
                  ^^^^^^^^^^^^^^
  File "/home/babavos/tp_note/venv/lib/python3.12/site-packages/dagster/_core/execution/plan/compute_generator.py", line 141, in _coerce_op_compute_fn_to_iterator
    result = invoke_compute_fn(
             ^^^^^^^^^^^^^^^^^^
  File "/home/babavos/tp_note/venv/lib/python3.12/site-packages/dagster/_core/execution/plan/compute_generator.py", line 129, in invoke_compute_fn
    return fn(context, **args_to_pass) if context_arg_provided else fn(**args_to_pass)
                                                                    ^^^^^^^^^^^^^^^^^^
  File "/home/babavos/tp_note/dagster_university/dagster_university/assets/requests.py", line 49, in adhoc_request
    results = conn.execute(query).fetch_df()
              ^^^^^^^^^^^^^^^^^^^
[0m
