[32m2026-03-28 01:01:02 +0100[0m - dagster - [34mDEBUG[0m - __ASSET_JOB_0 - 6e8af3e1-8cbf-42bb-957a-8dcff53a3ab7 - 69597 - LOGS_CAPTURED - Started capturing logs in process (pid: 69597).
[32m2026-03-28 01:01:02 +0100[0m - dagster - [34mDEBUG[0m - __ASSET_JOB_0 - 6e8af3e1-8cbf-42bb-957a-8dcff53a3ab7 - 69597 - manhattan_map - STEP_START - Started execution of step "manhattan_map".
[32m2026-03-28 01:01:02 +0100[0m - dagster - [34mERROR[0m - [31m__ASSET_JOB_0 - 6e8af3e1-8cbf-42bb-957a-8dcff53a3ab7 - 69597 - manhattan_map - STEP_FAILURE - Execution of step "manhattan_map" failed.

dagster._core.errors.DagsterExecutionStepExecutionError: Error occurred while executing op "manhattan_map"::

Exception: Dataset vide

Stack Trace:
  File "/home/babavos/tp_note/venv/lib/python3.12/site-packages/dagster/_core/execution/plan/utils.py", line 54, in op_execution_error_boundary
    yield
  File "/home/babavos/tp_note/venv/lib/python3.12/site-packages/dagster/_utils/__init__.py", line 473, in iterate_with_context
    next_output = next(iterator)
                  ^^^^^^^^^^^^^^
  File "/home/babavos/tp_note/venv/lib/python3.12/site-packages/dagster/_core/execution/plan/compute_generator.py", line 141, in _coerce_op_compute_fn_to_iterator
    result = invoke_compute_fn(
             ^^^^^^^^^^^^^^^^^^
  File "/home/babavos/tp_note/venv/lib/python3.12/site-packages/dagster/_core/execution/plan/compute_generator.py", line 129, in invoke_compute_fn
    return fn(context, **args_to_pass) if context_arg_provided else fn(**args_to_pass)
                                                                    ^^^^^^^^^^^^^^^^^^
  File "/home/babavos/tp_note/dagster_university/dagster_university/assets/metrics.py", line 50, in manhattan_map
    raise Exception("Dataset vide")
[0m
