[32m2026-03-27 15:54:44 +0100[0m - dagster - [34mDEBUG[0m - __ASSET_JOB - 1cd87b96-7d5f-4846-8a9c-e0f35c35adeb - 20255 - LOGS_CAPTURED - Started capturing logs in process (pid: 20255).
[32m2026-03-27 15:54:44 +0100[0m - dagster - [34mDEBUG[0m - __ASSET_JOB - 1cd87b96-7d5f-4846-8a9c-e0f35c35adeb - 20255 - taxi_zones - STEP_START - Started execution of step "taxi_zones".
[32m2026-03-27 15:56:31 +0100[0m - dagster - [34mERROR[0m - [31m__ASSET_JOB - 1cd87b96-7d5f-4846-8a9c-e0f35c35adeb - 20255 - taxi_zones - STEP_FAILURE - Execution of step "taxi_zones" failed.

dagster._core.errors.DagsterExecutionStepExecutionError: Error occurred while executing op "taxi_zones"::

_duckdb.IOException: IO Error: Could not set lock on file "/home/babavos/tp_note/dagster_university/data/staging/data.duckdb": Conflicting lock is held in /usr/bin/python3.12 (PID 11927). See also https://duckdb.org/docs/stable/connect/concurrency

Stack Trace:
  File "/home/babavos/tp_note/venv/lib/python3.12/site-packages/dagster/_core/execution/plan/utils.py", line 54, in op_execution_error_boundary
    yield
  File "/home/babavos/tp_note/venv/lib/python3.12/site-packages/dagster/_utils/__init__.py", line 473, in iterate_with_context
    next_output = next(iterator)
                  ^^^^^^^^^^^^^^
  File "/home/babavos/tp_note/venv/lib/python3.12/site-packages/dagster/_core/execution/plan/compute_generator.py", line 141, in _coerce_op_compute_fn_to_iterator
    result = invoke_compute_fn(
             ^^^^^^^^^^^^^^^^^^
  File "/home/babavos/tp_note/venv/lib/python3.12/site-packages/dagster/_core/execution/plan/compute_generator.py", line 129, in invoke_compute_fn
    return fn(context, **args_to_pass) if context_arg_provided else fn(**args_to_pass)
                                                                    ^^^^^^^^^^^^^^^^^^
  File "/home/babavos/tp_note/dagster_university/dagster_university/assets/trips.py", line 82, in taxi_zones
    conn = backoff(
           ^^^^^^^^
  File "/home/babavos/tp_note/venv/lib/python3.12/site-packages/dagster/_utils/backoff.py", line 70, in backoff
    raise to_raise
  File "/home/babavos/tp_note/venv/lib/python3.12/site-packages/dagster/_utils/backoff.py", line 64, in backoff
    return fn(*args, **kwargs)
           ^^^^^^^^^^^^^^^^^^^
[0m
