[32m2026-03-28 01:06:02 +0100[0m - dagster - [34mDEBUG[0m - __ASSET_JOB_0 - efc43e69-16c6-435a-a0ca-f1cc56d1ef63 - 77342 - LOGS_CAPTURED - Started capturing logs in process (pid: 77342).
[32m2026-03-28 01:06:02 +0100[0m - dagster - [34mDEBUG[0m - __ASSET_JOB_0 - efc43e69-16c6-435a-a0ca-f1cc56d1ef63 - 77342 - manhattan_stats - STEP_START - Started execution of step "manhattan_stats".
[32m2026-03-28 01:06:02 +0100[0m - dagster - [34mERROR[0m - [31m__ASSET_JOB_0 - efc43e69-16c6-435a-a0ca-f1cc56d1ef63 - 77342 - manhattan_stats - STEP_FAILURE - Execution of step "manhattan_stats" failed.

dagster._core.errors.DagsterExecutionStepExecutionError: Error occurred while executing op "manhattan_stats"::

AttributeError: 'Series' object has no attribute 'NOT_NULL'

Stack Trace:
  File "/home/babavos/tp_note/venv/lib/python3.12/site-packages/dagster/_core/execution/plan/utils.py", line 54, in op_execution_error_boundary
    yield
  File "/home/babavos/tp_note/venv/lib/python3.12/site-packages/dagster/_utils/__init__.py", line 473, in iterate_with_context
    next_output = next(iterator)
                  ^^^^^^^^^^^^^^
  File "/home/babavos/tp_note/venv/lib/python3.12/site-packages/dagster/_core/execution/plan/compute_generator.py", line 141, in _coerce_op_compute_fn_to_iterator
    result = invoke_compute_fn(
             ^^^^^^^^^^^^^^^^^^
  File "/home/babavos/tp_note/venv/lib/python3.12/site-packages/dagster/_core/execution/plan/compute_generator.py", line 129, in invoke_compute_fn
    return fn(context, **args_to_pass) if context_arg_provided else fn(**args_to_pass)
                                                                    ^^^^^^^^^^^^^^^^^^
  File "/home/babavos/tp_note/dagster_university/dagster_university/assets/metrics.py", line 33, in manhattan_stats
    trips_by_zone["geometry"] = gpd.GeoSeries.from_wkt(trips_by_zone["geometry"].NOT_NULL())
                                                       ^^^^^^^^^^^^^^^^^^^^^^^^^^^^^^^^^^
  File "/home/babavos/tp_note/venv/lib/python3.12/site-packages/pandas/core/generic.py", line 6206, in __getattr__
    return object.__getattribute__(self, name)
           ^^^^^^^^^^^^^^^^^^^^^^^^^^^^^^^^^^^
[0m
