[32m2026-03-27 16:29:26 +0100[0m - dagster - [34mDEBUG[0m - __ASSET_JOB - 65de610f-cf07-4c48-bf4e-e9e90edc6979 - 77436 - LOGS_CAPTURED - Started capturing logs in process (pid: 77436).
[32m2026-03-27 16:29:26 +0100[0m - dagster - [34mDEBUG[0m - __ASSET_JOB - 65de610f-cf07-4c48-bf4e-e9e90edc6979 - 77436 - taxi_zones - STEP_START - Started execution of step "taxi_zones".
[32m2026-03-27 16:29:27 +0100[0m - dagster - [34mERROR[0m - [31m__ASSET_JOB - 65de610f-cf07-4c48-bf4e-e9e90edc6979 - 77436 - taxi_zones - STEP_FAILURE - Execution of step "taxi_zones" failed.

dagster._core.errors.DagsterExecutionStepExecutionError: Error occurred while executing op "taxi_zones"::

_duckdb.BinderException: Binder Error: Column "service_zone" referenced that exists in the SELECT clause - but this column cannot be referenced before it is defined

Stack Trace:
  File "/home/babavos/tp_note/venv/lib/python3.12/site-packages/dagster/_core/execution/plan/utils.py", line 54, in op_execution_error_boundary
    yield
  File "/home/babavos/tp_note/venv/lib/python3.12/site-packages/dagster/_utils/__init__.py", line 473, in iterate_with_context
    next_output = next(iterator)
                  ^^^^^^^^^^^^^^
  File "/home/babavos/tp_note/venv/lib/python3.12/site-packages/dagster/_core/execution/plan/compute_generator.py", line 141, in _coerce_op_compute_fn_to_iterator
    result = invoke_compute_fn(
             ^^^^^^^^^^^^^^^^^^
  File "/home/babavos/tp_note/venv/lib/python3.12/site-packages/dagster/_core/execution/plan/compute_generator.py", line 129, in invoke_compute_fn
    return fn(context, **args_to_pass) if context_arg_provided else fn(**args_to_pass)
                                                                    ^^^^^^^^^^^^^^^^^^
  File "/home/babavos/tp_note/dagster_university/dagster_university/assets/trips.py", line 77, in taxi_zones
    with duckdb.connect(os.getenv("DUCKDB_DATABASE")) as conn:
  File "/home/babavos/tp_note/dagster_university/dagster_university/assets/trips.py", line 78, in taxi_zones
    conn.execute(query)
[0m
