[32m2026-03-27 21:38:27 +0100[0m - dagster - [34mDEBUG[0m - __ASSET_JOB - 5849ebcc-e3b0-4d7d-a320-3c15dabbb3e0 - 57627 - LOGS_CAPTURED - Started capturing logs in process (pid: 57627).
[32m2026-03-27 21:38:27 +0100[0m - dagster - [34mDEBUG[0m - __ASSET_JOB - 5849ebcc-e3b0-4d7d-a320-3c15dabbb3e0 - 57627 - taxi_trips - STEP_START - Started execution of step "taxi_trips".
[32m2026-03-27 21:38:27 +0100[0m - dagster - [34mERROR[0m - [31m__ASSET_JOB - 5849ebcc-e3b0-4d7d-a320-3c15dabbb3e0 - 57627 - taxi_trips - STEP_FAILURE - Execution of step "taxi_trips" failed.

dagster._core.errors.DagsterExecutionStepExecutionError: Error occurred while executing op "taxi_trips"::

NameError: name 'database' is not defined

Stack Trace:
  File "/home/babavos/tp_note/venv/lib/python3.12/site-packages/dagster/_core/execution/plan/utils.py", line 54, in op_execution_error_boundary
    yield
  File "/home/babavos/tp_note/venv/lib/python3.12/site-packages/dagster/_utils/__init__.py", line 473, in iterate_with_context
    next_output = next(iterator)
                  ^^^^^^^^^^^^^^
  File "/home/babavos/tp_note/venv/lib/python3.12/site-packages/dagster/_core/execution/plan/compute_generator.py", line 141, in _coerce_op_compute_fn_to_iterator
    result = invoke_compute_fn(
             ^^^^^^^^^^^^^^^^^^
  File "/home/babavos/tp_note/venv/lib/python3.12/site-packages/dagster/_core/execution/plan/compute_generator.py", line 129, in invoke_compute_fn
    return fn(context, **args_to_pass) if context_arg_provided else fn(**args_to_pass)
                                                                    ^^^^^^^^^^^^^^^^^^
  File "/home/babavos/tp_note/dagster_university/dagster_university/assets/trips.py", line 57, in taxi_trips
    with database.get_connection() as conn:
         ^^^^^^^^
[0m
