[32m2026-04-01 16:40:46 +0200[0m - dagster - [34mDEBUG[0m - __ASSET_JOB_0 - dbc92771-462f-43b7-b615-1374b1a5ea79 - 41551 - LOGS_CAPTURED - Started capturing logs in process (pid: 41551).
[32m2026-04-01 16:40:46 +0200[0m - dagster - [34mDEBUG[0m - __ASSET_JOB_0 - dbc92771-462f-43b7-b615-1374b1a5ea79 - 41551 - adhoc_request - STEP_START - Started execution of step "adhoc_request".
[32m2026-04-01 16:40:46 +0200[0m - dagster - [34mERROR[0m - [31m__ASSET_JOB_0 - dbc92771-462f-43b7-b615-1374b1a5ea79 - 41551 - adhoc_request - STEP_FAILURE - Execution of step "adhoc_request" failed.

dagster._core.errors.DagsterExecutionStepExecutionError: Error occurred while executing op "adhoc_request"::

_duckdb.BinderException: Binder Error: Table "zones" does not have a column named "zone_id"

Candidate bindings: : "zone"

LINE 16:                 left join zones on trips.pickup_zone_id = zones.zone_id
                                                                   ^

Stack Trace:
  File "/home/babavos/tp_note/venv/lib/python3.12/site-packages/dagster/_core/execution/plan/utils.py", line 54, in op_execution_error_boundary
    yield
  File "/home/babavos/tp_note/venv/lib/python3.12/site-packages/dagster/_utils/__init__.py", line 473, in iterate_with_context
    next_output = next(iterator)
                  ^^^^^^^^^^^^^^
  File "/home/babavos/tp_note/venv/lib/python3.12/site-packages/dagster/_core/execution/plan/compute_generator.py", line 141, in _coerce_op_compute_fn_to_iterator
    result = invoke_compute_fn(
             ^^^^^^^^^^^^^^^^^^
  File "/home/babavos/tp_note/venv/lib/python3.12/site-packages/dagster/_core/execution/plan/compute_generator.py", line 129, in invoke_compute_fn
    return fn(context, **args_to_pass) if context_arg_provided else fn(**args_to_pass)
                                                                    ^^^^^^^^^^^^^^^^^^
  File "/home/babavos/tp_note/dagster/dagster_university/dagster_university/assets/requests.py", line 49, in adhoc_request
    results = conn.execute(query).fetch_df()
              ^^^^^^^^^^^^^^^^^^^
[0m
