[32m2026-04-01 17:14:12 +0200[0m - dagster - [34mDEBUG[0m - __ASSET_JOB_1 - 3aad6422-f9e1-4870-add0-72703627773a - 109595 - LOGS_CAPTURED - Started capturing logs in process (pid: 109595).
[32m2026-04-01 17:14:12 +0200[0m - dagster - [34mDEBUG[0m - __ASSET_JOB_1 - 3aad6422-f9e1-4870-add0-72703627773a - 109595 - taxi_trips - STEP_START - Started execution of step "taxi_trips".
[32m2026-04-01 17:15:54 +0200[0m - dagster - [34mERROR[0m - [31m__ASSET_JOB_1 - 3aad6422-f9e1-4870-add0-72703627773a - 109595 - taxi_trips - STEP_FAILURE - Execution of step "taxi_trips" failed.

dagster._core.errors.DagsterExecutionStepExecutionError: Error occurred while executing op "taxi_trips"::

_duckdb.IOException: IO Error: Could not set lock on file "/home/babavos/tp_note/dagster/dagster_university/data/staging/data.duckdb": Conflicting lock is held in /usr/bin/python3.12 (PID 98925). See also https://duckdb.org/docs/stable/connect/concurrency

Stack Trace:
  File "/home/babavos/tp_note/venv/lib/python3.12/site-packages/dagster/_core/execution/plan/utils.py", line 54, in op_execution_error_boundary
    yield
  File "/home/babavos/tp_note/venv/lib/python3.12/site-packages/dagster/_utils/__init__.py", line 473, in iterate_with_context
    next_output = next(iterator)
                  ^^^^^^^^^^^^^^
  File "/home/babavos/tp_note/venv/lib/python3.12/site-packages/dagster/_core/execution/plan/compute_generator.py", line 141, in _coerce_op_compute_fn_to_iterator
    result = invoke_compute_fn(
             ^^^^^^^^^^^^^^^^^^
  File "/home/babavos/tp_note/venv/lib/python3.12/site-packages/dagster/_core/execution/plan/compute_generator.py", line 129, in invoke_compute_fn
    return fn(context, **args_to_pass) if context_arg_provided else fn(**args_to_pass)
           ^^^^^^^^^^^^^^^^^^^^^^^^^^^
  File "/home/babavos/tp_note/dagster/dagster_university/dagster_university/assets/trips.py", line 84, in taxi_trips
    with database.get_connection() as conn:
  File "/usr/lib/python3.12/contextlib.py", line 137, in __enter__
    return next(self.gen)
           ^^^^^^^^^^^^^^
  File "/home/babavos/tp_note/venv/lib/python3.12/site-packages/dagster_duckdb/resource.py", line 51, in get_connection
    conn = backoff(
           ^^^^^^^^
  File "/home/babavos/tp_note/venv/lib/python3.12/site-packages/dagster/_utils/backoff.py", line 70, in backoff
    raise to_raise
  File "/home/babavos/tp_note/venv/lib/python3.12/site-packages/dagster/_utils/backoff.py", line 64, in backoff
    return fn(*args, **kwargs)
           ^^^^^^^^^^^^^^^^^^^
[0m
